Dec 19 17:24:19 rabid-industry userdel[12580]: delete user 'elasticsearch'
Dec 19 17:24:19 rabid-industry userdel[12580]: removed group 'elasticsearch' owned by 'elasticsearch'
Dec 19 17:24:19 rabid-industry userdel[12580]: removed shadow group 'elasticsearch' owned by 'elasticsearch'
Dec 19 17:27:27 rabid-industry userdel[12895]: delete user 'elasticsearch'
Dec 19 17:27:27 rabid-industry userdel[12895]: removed group 'elasticsearch' owned by 'elasticsearch'
Dec 19 17:27:27 rabid-industry userdel[12895]: removed shadow group 'elasticsearch' owned by 'elasticsearch'
Dec 19 17:31:35 rabid-industry userdel[13099]: delete user 'elasticsearch'
Dec 19 17:31:35 rabid-industry userdel[13099]: removed group 'elasticsearch' owned by 'elasticsearch'
Dec 19 17:31:35 rabid-industry userdel[13099]: removed shadow group 'elasticsearch' owned by 'elasticsearch'
Dec 19 17:34:04 rabid-industry userdel[13281]: delete user 'elasticsearch'
Dec 19 17:34:04 rabid-industry userdel[13281]: removed group 'elasticsearch' owned by 'elasticsearch'
Dec 19 17:34:04 rabid-industry userdel[13281]: removed shadow group 'elasticsearch' owned by 'elasticsearch'
Dec 19 17:40:13 rabid-industry userdel[13488]: delete user 'elasticsearch'
Dec 19 17:40:13 rabid-industry userdel[13488]: removed group 'elasticsearch' owned by 'elasticsearch'
Dec 19 17:40:13 rabid-industry userdel[13488]: removed shadow group 'elasticsearch' owned by 'elasticsearch'
Dec 19 17:42:37 rabid-industry userdel[13704]: delete user 'elasticsearch'
Dec 19 17:42:37 rabid-industry userdel[13704]: removed group 'elasticsearch' owned by 'elasticsearch'
Dec 19 17:42:37 rabid-industry userdel[13704]: removed shadow group 'elasticsearch' owned by 'elasticsearch'
Dec 19 17:52:48 rabid-industry userdel[14522]: delete user 'kibana'
Dec 19 17:52:48 rabid-industry userdel[14522]: removed group 'kibana' owned by 'kibana'
Dec 19 17:52:48 rabid-industry userdel[14522]: removed shadow group 'kibana' owned by 'kibana'
Dec 19 17:24:19 rabid-industry userdel[12580]: delete user 'elasticsearch'
Dec 19 17:24:19 rabid-industry userdel[12580]: removed group 'elasticsearch' owned by 'elasticsearch'
Dec 19 17:24:19 rabid-industry userdel[12580]: removed shadow group 'elasticsearch' owned by 'elasticsearch'
Dec 19 17:27:27 rabid-industry userdel[12895]: delete user 'elasticsearch'
Dec 19 17:27:27 rabid-industry userdel[12895]: removed group 'elasticsearch' owned by 'elasticsearch'
Dec 19 17:27:27 rabid-industry userdel[12895]: removed shadow group 'elasticsearch' owned by 'elasticsearch'
Dec 19 17:31:35 rabid-industry userdel[13099]: delete user 'elasticsearch'
Dec 19 17:31:35 rabid-industry userdel[13099]: removed group 'elasticsearch' owned by 'elasticsearch'
Dec 19 17:31:35 rabid-industry userdel[13099]: removed shadow group 'elasticsearch' owned by 'elasticsearch'
Dec 19 17:34:04 rabid-industry userdel[13281]: delete user 'elasticsearch'
Dec 19 17:34:04 rabid-industry userdel[13281]: removed group 'elasticsearch' owned by 'elasticsearch'
Dec 19 17:34:04 rabid-industry userdel[13281]: removed shadow group 'elasticsearch' owned by 'elasticsearch'
Dec 19 17:40:13 rabid-industry userdel[13488]: delete user 'elasticsearch'
Dec 19 17:40:13 rabid-industry userdel[13488]: removed group 'elasticsearch' owned by 'elasticsearch'
Dec 19 17:40:13 rabid-industry userdel[13488]: removed shadow group 'elasticsearch' owned by 'elasticsearch'
Dec 19 17:42:37 rabid-industry userdel[13704]: delete user 'elasticsearch'
Dec 19 17:42:37 rabid-industry userdel[13704]: removed group 'elasticsearch' owned by 'elasticsearch'
Dec 19 17:42:37 rabid-industry userdel[13704]: removed shadow group 'elasticsearch' owned by 'elasticsearch'
Dec 19 17:52:48 rabid-industry userdel[14522]: delete user 'kibana'
Dec 19 17:52:48 rabid-industry userdel[14522]: removed group 'kibana' owned by 'kibana'
Dec 19 17:52:48 rabid-industry userdel[14522]: removed shadow group 'kibana' owned by 'kibana'
Dec 19 17:24:19 rabid-industry userdel[12580]: delete user 'elasticsearch'
Dec 19 17:24:19 rabid-industry userdel[12580]: removed group 'elasticsearch' owned by 'elasticsearch'
Dec 19 17:24:19 rabid-industry userdel[12580]: removed shadow group 'elasticsearch' owned by 'elasticsearch'
Dec 19 17:27:27 rabid-industry userdel[12895]: delete user 'elasticsearch'
Dec 19 17:27:27 rabid-industry userdel[12895]: removed group 'elasticsearch' owned by 'elasticsearch'
Dec 19 17:27:27 rabid-industry userdel[12895]: removed shadow group 'elasticsearch' owned by 'elasticsearch'
Dec 19 17:31:35 rabid-industry userdel[13099]: delete user 'elasticsearch'
Dec 19 17:31:35 rabid-industry userdel[13099]: removed group 'elasticsearch' owned by 'elasticsearch'
Dec 19 17:31:35 rabid-industry userdel[13099]: removed shadow group 'elasticsearch' owned by 'elasticsearch'
Dec 19 17:34:04 rabid-industry userdel[13281]: delete user 'elasticsearch'
Dec 19 17:34:04 rabid-industry userdel[13281]: removed group 'elasticsearch' owned by 'elasticsearch'
Dec 19 17:34:04 rabid-industry userdel[13281]: removed shadow group 'elasticsearch' owned by 'elasticsearch'
Dec 19 17:40:13 rabid-industry userdel[13488]: delete user 'elasticsearch'
Dec 19 17:40:13 rabid-industry userdel[13488]: removed group 'elasticsearch' owned by 'elasticsearch'
Dec 19 17:40:13 rabid-industry userdel[13488]: removed shadow group 'elasticsearch' owned by 'elasticsearch'
Dec 19 17:42:37 rabid-industry userdel[13704]: delete user 'elasticsearch'
Dec 19 17:42:37 rabid-industry userdel[13704]: removed group 'elasticsearch' owned by 'elasticsearch'
Dec 19 17:42:37 rabid-industry userdel[13704]: removed shadow group 'elasticsearch' owned by 'elasticsearch'
Dec 19 17:52:48 rabid-industry userdel[14522]: delete user 'kibana'
Dec 19 17:52:48 rabid-industry userdel[14522]: removed group 'kibana' owned by 'kibana'
Dec 19 17:52:48 rabid-industry userdel[14522]: removed shadow group 'kibana' owned by 'kibana'
